<?xml version="1.0" encoding="UTF-8"?>
<!-- Generated by org.testng.reporters.JUnitReportReporter -->
<testsuite hostname="77X35R1-LT" name="com.careyconnect.webPages.Reservation" tests="1" failures="0" timestamp="9 Apr 2020 22:05:02 GMT" time="111.098" errors="0">
  <testcase name="testreservationtest" time="111.098" classname="com.careyconnect.webPages.Reservation"/>
</testsuite> <!-- com.careyconnect.webPages.Reservation -->
