<?xml version="1.0" encoding="UTF-8"?>
<!-- Generated by org.testng.reporters.JUnitReportReporter -->
<testsuite hostname="77X35R1-LT" name="com.careyconnect.webPages.ReservationTest" tests="1" failures="0" timestamp="11 Apr 2020 16:46:15 GMT" time="120.380" errors="0">
  <testcase name="testreservationtest" time="120.380" classname="com.careyconnect.webPages.ReservationTest"/>
</testsuite> <!-- com.careyconnect.webPages.ReservationTest -->
